[debug] [2020-12-24T19:50:57.587Z] ----------------------------------------------------------------------
[debug] [2020-12-24T19:50:57.588Z] Command:       /usr/local/bin/node /Users/farzadsunavala/.npm-global/bin/firebase init
[debug] [2020-12-24T19:50:57.589Z] CLI Version:   9.0.1
[debug] [2020-12-24T19:50:57.589Z] Platform:      darwin
[debug] [2020-12-24T19:50:57.589Z] Node Version:  v14.15.2
[debug] [2020-12-24T19:50:57.590Z] Time:          Thu Dec 24 2020 13:50:57 GMT-0600 (Central Standard Time)
[debug] [2020-12-24T19:50:57.590Z] ----------------------------------------------------------------------
[debug] [2020-12-24T19:50:57.590Z] 
[debug] [2020-12-24T19:50:57.592Z] >>> [apiv2][query] GET https://firebase-public.firebaseio.com/cli.json [none]
[debug] [2020-12-24T19:50:57.608Z] > command requires scopes: ["email","openid","https://www.googleapis.com/auth/cloudplatformprojects.readonly","https://www.googleapis.com/auth/firebase","https://www.googleapis.com/auth/cloud-platform"]
[debug] [2020-12-24T19:50:57.608Z] > authorizing via signed-in user
[info] 
     ######## #### ########  ######## ########     ###     ######  ########
     ##        ##  ##     ## ##       ##     ##  ##   ##  ##       ##
     ######    ##  ########  ######   ########  #########  ######  ######
     ##        ##  ##    ##  ##       ##     ## ##     ##       ## ##
     ##       #### ##     ## ######## ########  ##     ##  ######  ########

You're about to initialize a Firebase project in this directory:

  /Users/farzadsunavala/Desktop/Dev/wechew-lp3/wechew-lp3

[debug] [2020-12-24T19:50:57.789Z] <<< [apiv2][status] GET https://firebase-public.firebaseio.com/cli.json 200
[debug] [2020-12-24T19:50:57.789Z] <<< [apiv2][body] GET https://firebase-public.firebaseio.com/cli.json {"cloudBuildErrorAfter":1594252800000,"cloudBuildWarnAfter":1590019200000,"defaultNode10After":1594252800000,"minVersion":"3.0.5","node8DeploysDisabledAfter":1613390400000,"node8RuntimeDisabledAfter":1615809600000,"node8WarnAfter":1600128000000}
